This file contains any messages produced by compilers while
running configure, to aid debugging if configure makes a mistake.

It was created by opcodes configure 2.32.51, which was
generated by GNU Autoconf 2.69.  Invocation command line was

  $ /mnt/c/Users/qnmlgb/Desktop/450/binutils-gdb/opcodes/configure --srcdir=../../binutils-gdb/opcodes --cache-file=./config.cache --with-gnu-as --with-gnu-ld --disable-werror -enable-cgen-maint --program-transform-name=s&^&riscv64-& --disable-option-checking --build=x86_64-pc-linux-gnu --host=x86_64-pc-linux-gnu --target=riscv64

## --------- ##
## Platform. ##
## --------- ##

hostname = LAPTOP-K4FVVESD
uname -m = x86_64
uname -r = 4.4.0-17134-Microsoft
uname -s = Linux
uname -v = #706-Microsoft Mon Apr 01 18:13:00 PST 2019

/usr/bin/uname -p = unknown
/bin/uname -X     = unknown

/bin/arch              = unknown
/usr/bin/arch -k       = unknown
/usr/convex/getsysinfo = unknown
/usr/bin/hostinfo      = unknown
/bin/machine           = unknown
/usr/bin/oslevel       = unknown
/bin/universe          = unknown

PATH: /root/.local/share/umake/bin
PATH: /usr/local/rvm/gems/ruby-2.4.4/bin
PATH: /usr/local/rvm/gems/ruby-2.4.4@global/bin
PATH: /usr/local/rvm/rubies/ruby-2.4.4/bin
PATH: /usr/local/sbin
PATH: /usr/local/bin
PATH: /usr/sbin
PATH: /usr/bin
PATH: /sbin
PATH: /bin
PATH: /usr/games
PATH: /usr/local/games
PATH: /mnt/c/Program Files (x86)/Common Files/Oracle/Java/javapath_target_8668796
PATH: /mnt/c/Program Files/NVIDIA GPU Computing Toolkit/CUDA/v9.0/bin
PATH: /mnt/c/Program Files/NVIDIA GPU Computing Toolkit/CUDA/v9.0/libnvvp
PATH: /mnt/c/Program Files/Python36/Scripts
PATH: /mnt/c/Program Files/Python36
PATH: /mnt/c/Program Files/NVIDIA GPU Computing Toolkit/CUDA/v9.2/bin
PATH: /mnt/c/Program Files/NVIDIA GPU Computing Toolkit/CUDA/v9.2/libnvvp
PATH: /mnt/c/Program Files (x86)/Razer Chroma SDK/bin
PATH: /mnt/c/Program Files/Razer Chroma SDK/bin
PATH: /mnt/c/Program Files (x86)/Intel/iCLS Client
PATH: /mnt/c/Program Files/Intel/iCLS Client
PATH: /mnt/c/Windows/System32
PATH: /mnt/c/Windows
PATH: /mnt/c/Windows/System32/wbem
PATH: /mnt/c/Windows/System32/WindowsPowerShell/v1.0
PATH: /mnt/c/Program Files (x86)/Intel/Intel(R) Management Engine Components/DAL
PATH: /mnt/c/Program Files/Intel/Intel(R) Management Engine Components/DAL
PATH: /mnt/c/Program Files (x86)/Intel/Intel(R) Management Engine Components/IPT
PATH: /mnt/c/Program Files/Intel/Intel(R) Management Engine Components/IPT
PATH: /mnt/c/Program Files (x86)/NVIDIA Corporation/PhysX/Common
PATH: /mnt/c/Windows/System32
PATH: /mnt/c/Windows
PATH: /mnt/c/Windows/System32/wbem
PATH: /mnt/c/Windows/System32/WindowsPowerShell/v1.0
PATH: /mnt/c/Program Files/Git/cmd
PATH: /mnt/c/Windows/System32
PATH: /mnt/c/Windows
PATH: /mnt/c/Windows/System32/wbem
PATH: /mnt/c/Windows/System32/WindowsPowerShell/v1.0
PATH: /mnt/c/Windows/System32/OpenSSH
PATH: /mnt/c/Program Files/dotnet
PATH: /mnt/c/Program Files (x86)/Windows Kits/10/Windows Performance Toolkit
PATH: /mnt/c/Program Files/Microsoft VS Code/bin
PATH: /mnt/c/opencv/build/x64/vc15/bin
PATH: /mnt/c/Program Files/nodejs
PATH: /mnt/c/Program Files (x86)/Graphviz2.38/bin
PATH: /mnt/c/Program Files/NVIDIA Corporation/NVIDIA NvDLISR
PATH: /mnt/c/Go/bin
PATH: /mnt/c/Users/qnmlgb/scoop/shims
PATH: /mnt/c/Users/qnmlgb/AppData/Local/Microsoft/WindowsApps
PATH: /mnt/c/Program Files/Microsoft VS Code/bin
PATH: /mnt/c/Users/qnmlgb/AppData/Local/Google/Cloud SDK/google-cloud-sdk/bin
PATH: /mnt/c/Program Files/NVIDIA GPU Computing Toolkit/CUDA/v9.2
PATH: /mnt/c/Program Files (x86)/mitmproxy/bin
PATH: /mnt/c/Users/qnmlgb/AppData/Local/Programs/radare2
PATH: /mnt/c/Users/qnmlgb/AppData/Roaming/npm
PATH: /mnt/c/Users/qnmlgb/AppData/Local/GitHubDesktop/bin
PATH: /mnt/c/Program Files (x86)/Nmap
PATH: /snap/bin
PATH: /usr/lib/jvm/java-8-oracle/bin
PATH: /usr/lib/jvm/java-8-oracle/db/bin
PATH: /usr/lib/jvm/java-8-oracle/jre/bin
PATH: /usr/local/rvm/bin


## ----------- ##
## Core tests. ##
## ----------- ##

configure:2232: loading cache ./config.cache
configure:2351: checking build system type
configure:2365: result: x86_64-pc-linux-gnu
configure:2385: checking host system type
configure:2398: result: x86_64-pc-linux-gnu
configure:2418: checking target system type
configure:2431: result: riscv64-unknown-none
configure:2468: checking for x86_64-pc-linux-gnu-gcc
configure:2495: result: gcc
configure:2764: checking for C compiler version
configure:2773: gcc --version >&5
gcc (Ubuntu 5.4.0-6ubuntu1~16.04.10) 5.4.0 20160609
Copyright (C) 2015 Free Software Foundation, Inc.
This is free software; see the source for copying conditions.  There is NO
warranty; not even for MERCHANTABILITY or FITNESS FOR A PARTICULAR PURPOSE.

configure:2784: $? = 0
configure:2773: gcc -v >&5
Using built-in specs.
COLLECT_GCC=gcc
COLLECT_LTO_WRAPPER=/usr/lib/gcc/x86_64-linux-gnu/5/lto-wrapper
Target: x86_64-linux-gnu
Configured with: ../src/configure -v --with-pkgversion='Ubuntu 5.4.0-6ubuntu1~16.04.10' --with-bugurl=file:///usr/share/doc/gcc-5/README.Bugs --enable-languages=c,ada,c++,java,go,d,fortran,objc,obj-c++ --prefix=/usr --program-suffix=-5 --enable-shared --enable-linker-build-id --libexecdir=/usr/lib --without-included-gettext --enable-threads=posix --libdir=/usr/lib --enable-nls --with-sysroot=/ --enable-clocale=gnu --enable-libstdcxx-debug --enable-libstdcxx-time=yes --with-default-libstdcxx-abi=new --enable-gnu-unique-object --disable-vtable-verify --enable-libmpx --enable-plugin --with-system-zlib --disable-browser-plugin --enable-java-awt=gtk --enable-gtk-cairo --with-java-home=/usr/lib/jvm/java-1.5.0-gcj-5-amd64/jre --enable-java-home --with-jvm-root-dir=/usr/lib/jvm/java-1.5.0-gcj-5-amd64 --with-jvm-jar-dir=/usr/lib/jvm-exports/java-1.5.0-gcj-5-amd64 --with-arch-directory=amd64 --with-ecj-jar=/usr/share/java/eclipse-ecj.jar --enable-objc-gc --enable-multiarch --disable-werror --with-arch-32=i686 --with-abi=m64 --with-multilib-list=m32,m64,mx32 --enable-multilib --with-tune=generic --enable-checking=release --build=x86_64-linux-gnu --host=x86_64-linux-gnu --target=x86_64-linux-gnu
Thread model: posix
gcc version 5.4.0 20160609 (Ubuntu 5.4.0-6ubuntu1~16.04.10) 
configure:2784: $? = 0
configure:2773: gcc -V >&5
gcc: error: unrecognized command line option '-V'
gcc: fatal error: no input files
compilation terminated.
configure:2784: $? = 1
configure:2773: gcc -qversion >&5
gcc: error: unrecognized command line option '-qversion'
gcc: fatal error: no input files
compilation terminated.
configure:2784: $? = 1
configure:2804: checking whether the C compiler works
configure:2826: gcc -g -O2  -static-libstdc++ -static-libgcc  conftest.c  >&5
configure:2830: $? = 0
configure:2878: result: yes
configure:2881: checking for C compiler default output file name
configure:2883: result: a.out
configure:2889: checking for suffix of executables
configure:2896: gcc -o conftest -g -O2  -static-libstdc++ -static-libgcc  conftest.c  >&5
configure:2900: $? = 0
configure:2922: result: 
configure:2944: checking whether we are cross compiling
configure:2952: gcc -o conftest -g -O2  -static-libstdc++ -static-libgcc  conftest.c  >&5
configure:2956: $? = 0
configure:2963: ./conftest
configure:2967: $? = 0
configure:2982: result: no
configure:2987: checking for suffix of object files
configure:3034: result: o
configure:3038: checking whether we are using the GNU C compiler
configure:3066: result: yes
configure:3075: checking whether gcc accepts -g
configure:3136: result: yes
configure:3153: checking for gcc option to accept ISO C89
configure:3229: result: none needed
configure:3254: checking whether gcc understands -c and -o together
configure:3291: result: yes
configure:3309: checking for library containing strerror
configure:3357: result: none required
configure:3382: checking for a BSD-compatible install
configure:3450: result: /usr/bin/install -c
configure:3461: checking whether build environment is sane
configure:3516: result: yes
configure:3664: checking for a thread-safe mkdir -p
configure:3703: result: /bin/mkdir -p
configure:3710: checking for gawk
configure:3737: result: gawk
configure:3748: checking whether make sets $(MAKE)
configure:3770: result: yes
configure:3800: checking for style of include used by make
configure:3828: result: GNU
configure:3862: checking whether make supports nested variables
configure:3879: result: yes
configure:3964: checking dependency style of gcc
configure:4075: result: gcc3
configure:4142: checking for x86_64-pc-linux-gnu-gcc
configure:4169: result: gcc
configure:4438: checking for C compiler version
configure:4447: gcc --version >&5
gcc (Ubuntu 5.4.0-6ubuntu1~16.04.10) 5.4.0 20160609
Copyright (C) 2015 Free Software Foundation, Inc.
This is free software; see the source for copying conditions.  There is NO
warranty; not even for MERCHANTABILITY or FITNESS FOR A PARTICULAR PURPOSE.

configure:4458: $? = 0
configure:4447: gcc -v >&5
Using built-in specs.
COLLECT_GCC=gcc
COLLECT_LTO_WRAPPER=/usr/lib/gcc/x86_64-linux-gnu/5/lto-wrapper
Target: x86_64-linux-gnu
Configured with: ../src/configure -v --with-pkgversion='Ubuntu 5.4.0-6ubuntu1~16.04.10' --with-bugurl=file:///usr/share/doc/gcc-5/README.Bugs --enable-languages=c,ada,c++,java,go,d,fortran,objc,obj-c++ --prefix=/usr --program-suffix=-5 --enable-shared --enable-linker-build-id --libexecdir=/usr/lib --without-included-gettext --enable-threads=posix --libdir=/usr/lib --enable-nls --with-sysroot=/ --enable-clocale=gnu --enable-libstdcxx-debug --enable-libstdcxx-time=yes --with-default-libstdcxx-abi=new --enable-gnu-unique-object --disable-vtable-verify --enable-libmpx --enable-plugin --with-system-zlib --disable-browser-plugin --enable-java-awt=gtk --enable-gtk-cairo --with-java-home=/usr/lib/jvm/java-1.5.0-gcj-5-amd64/jre --enable-java-home --with-jvm-root-dir=/usr/lib/jvm/java-1.5.0-gcj-5-amd64 --with-jvm-jar-dir=/usr/lib/jvm-exports/java-1.5.0-gcj-5-amd64 --with-arch-directory=amd64 --with-ecj-jar=/usr/share/java/eclipse-ecj.jar --enable-objc-gc --enable-multiarch --disable-werror --with-arch-32=i686 --with-abi=m64 --with-multilib-list=m32,m64,mx32 --enable-multilib --with-tune=generic --enable-checking=release --build=x86_64-linux-gnu --host=x86_64-linux-gnu --target=x86_64-linux-gnu
Thread model: posix
gcc version 5.4.0 20160609 (Ubuntu 5.4.0-6ubuntu1~16.04.10) 
configure:4458: $? = 0
configure:4447: gcc -V >&5
gcc: error: unrecognized command line option '-V'
gcc: fatal error: no input files
compilation terminated.
configure:4458: $? = 1
configure:4447: gcc -qversion >&5
gcc: error: unrecognized command line option '-qversion'
gcc: fatal error: no input files
compilation terminated.
configure:4458: $? = 1
configure:4462: checking whether we are using the GNU C compiler
configure:4490: result: yes
configure:4499: checking whether gcc accepts -g
configure:4560: result: yes
configure:4577: checking for gcc option to accept ISO C89
configure:4653: result: none needed
configure:4678: checking whether gcc understands -c and -o together
configure:4715: result: yes
configure:4737: checking how to run the C preprocessor
configure:4807: result: gcc -E
configure:4827: gcc -E  conftest.c
configure:4827: $? = 0
configure:4841: gcc -E  conftest.c
conftest.c:11:28: fatal error: ac_nonexistent.h: No such file or directory
compilation terminated.
configure:4841: $? = 1
configure: failed program was:
| /* confdefs.h */
| #define PACKAGE_NAME "opcodes"
| #define PACKAGE_TARNAME "opcodes"
| #define PACKAGE_VERSION "2.32.51"
| #define PACKAGE_STRING "opcodes 2.32.51"
| #define PACKAGE_BUGREPORT ""
| #define PACKAGE_URL ""
| #define PACKAGE "opcodes"
| #define VERSION "2.32.51"
| /* end confdefs.h.  */
| #include <ac_nonexistent.h>
configure:4870: checking for grep that handles long lines and -e
configure:4928: result: /bin/grep
configure:4933: checking for egrep
configure:4995: result: /bin/grep -E
configure:5000: checking for ANSI C header files
configure:5104: result: yes
configure:5117: checking for sys/types.h
configure:5117: result: yes
configure:5117: checking for sys/stat.h
configure:5117: result: yes
configure:5117: checking for stdlib.h
configure:5117: result: yes
configure:5117: checking for string.h
configure:5117: result: yes
configure:5117: checking for memory.h
configure:5117: result: yes
configure:5117: checking for strings.h
configure:5117: result: yes
configure:5117: checking for inttypes.h
configure:5117: result: yes
configure:5117: checking for stdint.h
configure:5117: result: yes
configure:5117: checking for unistd.h
configure:5117: result: yes
configure:5130: checking for minix/config.h
configure:5130: result: no
configure:5151: checking whether it is safe to define __EXTENSIONS__
configure:5176: result: yes
configure:5196: checking for x86_64-pc-linux-gnu-ar
configure:5223: result: ar
configure:5288: checking for x86_64-pc-linux-gnu-ranlib
configure:5315: result: ranlib
configure:5456: checking how to print strings
configure:5483: result: printf
configure:5504: checking for a sed that does not truncate output
configure:5568: result: /bin/sed
configure:5586: checking for fgrep
configure:5648: result: /bin/grep -F
configure:5683: checking for ld used by gcc
configure:5750: result: ld
configure:5757: checking if the linker (ld) is GNU ld
configure:5772: result: yes
configure:5784: checking for BSD- or MS-compatible name lister (nm)
configure:5833: result: nm
configure:5963: checking the name lister (nm) interface
configure:5983: result: BSD nm
configure:5986: checking whether ln -s works
configure:5990: result: yes
configure:5998: checking the maximum length of command line arguments
configure:6123: result: 1572864
configure:6140: checking whether the shell understands some XSI constructs
configure:6150: result: yes
configure:6154: checking whether the shell understands "+="
configure:6160: result: yes
configure:6195: checking for ld option to reload object files
configure:6202: result: -r
configure:6231: checking for x86_64-pc-linux-gnu-objdump
configure:6258: result: objdump
configure:6330: checking how to recognize dependent libraries
configure:6531: result: pass_all
configure:6551: checking for x86_64-pc-linux-gnu-ar
configure:6578: result: ar
configure:6656: checking for x86_64-pc-linux-gnu-strip
configure:6686: result: no
configure:6696: checking for strip
configure:6723: result: strip
configure:6755: checking for x86_64-pc-linux-gnu-ranlib
configure:6782: result: ranlib
configure:6924: checking command to parse nm output from gcc object
configure:7147: result: ok
configure:7242: gcc -c -g -O2  conftest.c >&5
configure:7245: $? = 0
configure:7995: checking for dlfcn.h
configure:7995: result: yes
configure:8152: checking for objdir
configure:8167: result: .libs
configure:8438: checking if gcc supports -fno-rtti -fno-exceptions
configure:8473: result: no
configure:8493: checking for gcc option to produce PIC
configure:8779: result: -fPIC -DPIC
configure:8791: checking if gcc PIC flag -fPIC -DPIC works
configure:8826: result: yes
configure:8850: checking if gcc static flag -static works
configure:8878: result: yes
configure:8893: checking if gcc supports -c -o file.o
configure:8940: result: yes
configure:8948: checking if gcc supports -c -o file.o
configure:8995: result: yes
configure:9028: checking whether the gcc linker (ld -m elf_x86_64) supports shared libraries
configure:10099: result: yes
configure:10344: checking dynamic linker characteristics
configure:11017: result: GNU/Linux ld.so
configure:11124: checking how to hardcode library paths into programs
configure:11149: result: immediate
configure:11689: checking whether stripping libraries is possible
configure:11694: result: yes
configure:11729: checking if libtool supports shared libraries
configure:11731: result: yes
configure:11734: checking whether to build shared libraries
configure:11755: result: no
configure:11758: checking whether to build static libraries
configure:11762: result: yes
configure:11972: checking whether to enable maintainer-specific portions of Makefiles
configure:11981: result: no
configure:12009: checking whether to install libbfd
configure:12022: result: no
configure:12068: checking whether NLS is requested
configure:12074: result: yes
configure:12080: checking for catalogs to be installed
configure:12112: result:  da de es fi fr ga id it nl pt_BR ro sr sv tr uk vi zh_CN
configure:12139: checking whether NLS is requested
configure:12148: result: yes
configure:12186: checking for msgfmt
configure:12217: result: /usr/bin/msgfmt
configure:12226: checking for gmsgfmt
configure:12257: result: /usr/bin/msgfmt
configure:12297: checking for xgettext
configure:12328: result: /usr/bin/xgettext
configure:12368: checking for msgmerge
configure:12398: result: /usr/bin/msgmerge
configure:12480: checking for string.h
configure:12480: result: yes
configure:12480: checking for strings.h
configure:12480: result: yes
configure:12480: checking for stdlib.h
configure:12480: result: yes
configure:12480: checking for limits.h
configure:12480: result: yes
configure:12490: checking whether string.h and strings.h may both be included
configure:12514: result: yes
configure:12523: checking whether basename is declared
configure:12523: result: yes
configure:12533: checking whether stpcpy is declared
configure:12533: result: yes
configure:12547: checking for sigsetjmp
configure:12565: gcc -c -g -O2  conftest.c >&5
configure:12565: $? = 0
configure:12572: result: 
configure:12616: checking linker --as-needed support
configure:12627: result: yes
configure:12718: checking for cos in -lm
configure:12752: result: yes
configure:13116: checking that generated files are newer than configure
configure:13122: result: done
configure:13157: creating ./config.status

## ---------------------- ##
## Running config.status. ##
## ---------------------- ##

This file was extended by opcodes config.status 2.32.51, which was
generated by GNU Autoconf 2.69.  Invocation command line was

  CONFIG_FILES    = 
  CONFIG_HEADERS  = 
  CONFIG_LINKS    = 
  CONFIG_COMMANDS = 
  $ ./config.status 

on LAPTOP-K4FVVESD

config.status:1137: creating Makefile
config.status:1137: creating po/Makefile.in
config.status:1137: creating config.h
config.status:1303: config.h is unchanged
config.status:1351: executing depfiles commands
config.status:1351: executing libtool commands
config.status:1351: executing default-1 commands

## ---------------- ##
## Cache variables. ##
## ---------------- ##

ac_cv_build=x86_64-pc-linux-gnu
ac_cv_c_compiler_gnu=yes
ac_cv_env_CC_set=set
ac_cv_env_CC_value=gcc
ac_cv_env_CFLAGS_set=set
ac_cv_env_CFLAGS_value='-g -O2'
ac_cv_env_CPPFLAGS_set=
ac_cv_env_CPPFLAGS_value=
ac_cv_env_CPP_set=
ac_cv_env_CPP_value=
ac_cv_env_LDFLAGS_set=set
ac_cv_env_LDFLAGS_value='-static-libstdc++ -static-libgcc '
ac_cv_env_LIBS_set=
ac_cv_env_LIBS_value=
ac_cv_env_build_alias_set=set
ac_cv_env_build_alias_value=x86_64-pc-linux-gnu
ac_cv_env_host_alias_set=set
ac_cv_env_host_alias_value=x86_64-pc-linux-gnu
ac_cv_env_target_alias_set=set
ac_cv_env_target_alias_value=riscv64
ac_cv_have_decl_basename=yes
ac_cv_have_decl_stpcpy=yes
ac_cv_header_dlfcn_h=yes
ac_cv_header_inttypes_h=yes
ac_cv_header_limits_h=yes
ac_cv_header_memory_h=yes
ac_cv_header_minix_config_h=no
ac_cv_header_stdc=yes
ac_cv_header_stdint_h=yes
ac_cv_header_stdlib_h=yes
ac_cv_header_string_h=yes
ac_cv_header_strings_h=yes
ac_cv_header_sys_stat_h=yes
ac_cv_header_sys_types_h=yes
ac_cv_header_unistd_h=yes
ac_cv_host=x86_64-pc-linux-gnu
ac_cv_lib_m_cos=yes
ac_cv_objext=o
ac_cv_path_EGREP='/bin/grep -E'
ac_cv_path_FGREP='/bin/grep -F'
ac_cv_path_GMSGFMT=/usr/bin/msgfmt
ac_cv_path_GREP=/bin/grep
ac_cv_path_MSGFMT=/usr/bin/msgfmt
ac_cv_path_MSGMERGE=/usr/bin/msgmerge
ac_cv_path_SED=/bin/sed
ac_cv_path_XGETTEXT=/usr/bin/xgettext
ac_cv_path_install='/usr/bin/install -c'
ac_cv_path_mkdir=/bin/mkdir
ac_cv_prog_AR=ar
ac_cv_prog_AWK=gawk
ac_cv_prog_CC=gcc
ac_cv_prog_CPP='gcc -E'
ac_cv_prog_OBJDUMP=objdump
ac_cv_prog_RANLIB=ranlib
ac_cv_prog_ac_ct_STRIP=strip
ac_cv_prog_cc_c89=
ac_cv_prog_cc_g=yes
ac_cv_prog_make_make_set=yes
ac_cv_safe_to_define___extensions__=yes
ac_cv_search_strerror='none required'
ac_cv_target=riscv64-unknown-none
am_cv_CC_dependencies_compiler_type=gcc3
am_cv_make_support_nested_variables=yes
am_cv_prog_cc_c_o=yes
bfd_cv_func_sigsetjmp=yes
bfd_cv_ld_as_needed=yes
gcc_cv_header_string=yes
lt_cv_deplibs_check_method=pass_all
lt_cv_file_magic_cmd='$MAGIC_CMD'
lt_cv_file_magic_test_file=
lt_cv_ld_reload_flag=-r
lt_cv_nm_interface='BSD nm'
lt_cv_objdir=.libs
lt_cv_path_LD=ld
lt_cv_path_NM=nm
lt_cv_prog_compiler_c_o=yes
lt_cv_prog_compiler_pic_works=yes
lt_cv_prog_compiler_rtti_exceptions=no
lt_cv_prog_compiler_static_works=yes
lt_cv_prog_gnu_ld=yes
lt_cv_shlibpath_overrides_runpath=no
lt_cv_sys_global_symbol_pipe='sed -n -e '\''s/^.*[	 ]\([ABCDGIRSTW][ABCDGIRSTW]*\)[	 ][	 ]*\([_A-Za-z][_A-Za-z0-9]*\)$/\1 \2 \2/p'\'''
lt_cv_sys_global_symbol_to_c_name_address='sed -n -e '\''s/^: \([^ ]*\) $/  {\"\1\", (void *) 0},/p'\'' -e '\''s/^[ABCDGIRSTW]* \([^ ]*\) \([^ ]*\)$/  {"\2", (void *) \&\2},/p'\'''
lt_cv_sys_global_symbol_to_c_name_address_lib_prefix='sed -n -e '\''s/^: \([^ ]*\) $/  {\"\1\", (void *) 0},/p'\'' -e '\''s/^[ABCDGIRSTW]* \([^ ]*\) \(lib[^ ]*\)$/  {"\2", (void *) \&\2},/p'\'' -e '\''s/^[ABCDGIRSTW]* \([^ ]*\) \([^ ]*\)$/  {"lib\2", (void *) \&\2},/p'\'''
lt_cv_sys_global_symbol_to_cdecl='sed -n -e '\''s/^T .* \(.*\)$/extern int \1();/p'\'' -e '\''s/^[ABCDGIRSTW]* .* \(.*\)$/extern char \1;/p'\'''
lt_cv_sys_max_cmd_len=1572864

## ----------------- ##
## Output variables. ##
## ----------------- ##

ACLOCAL='${SHELL} /mnt/c/Users/qnmlgb/Desktop/450/binutils-gdb/missing aclocal-1.15'
AMDEPBACKSLASH='\'
AMDEP_FALSE='#'
AMDEP_TRUE=''
AMTAR='$${TAR-tar}'
AM_BACKSLASH='\'
AM_DEFAULT_V='$(AM_DEFAULT_VERBOSITY)'
AM_DEFAULT_VERBOSITY='1'
AM_V='$(V)'
AR='ar'
AUTOCONF='${SHELL} /mnt/c/Users/qnmlgb/Desktop/450/binutils-gdb/missing autoconf'
AUTOHEADER='${SHELL} /mnt/c/Users/qnmlgb/Desktop/450/binutils-gdb/missing autoheader'
AUTOMAKE='${SHELL} /mnt/c/Users/qnmlgb/Desktop/450/binutils-gdb/missing automake-1.15'
AWK='gawk'
BFD_MACHINES=' riscv-asm.lo riscv-desc.lo riscv-dis.lo riscv-ibld.lo riscv-opc.lo cgen-opc.lo cgen-asm.lo cgen-dis.lo cgen-bitset.lo'
BUILD_LIBS='../libiberty/libiberty.a '
BUILD_LIB_DEPS='../libiberty/libiberty.a '
CATALOGS=' da.gmo de.gmo es.gmo fi.gmo fr.gmo ga.gmo id.gmo it.gmo nl.gmo pt_BR.gmo ro.gmo sr.gmo sv.gmo tr.gmo uk.gmo vi.gmo zh_CN.gmo'
CATOBJEXT='.gmo'
CC='gcc'
CCDEPMODE='depmode=gcc3'
CC_FOR_BUILD='gcc'
CFLAGS='-g -O2'
CGEN_MAINT_FALSE='#'
CGEN_MAINT_TRUE=''
CPP='gcc -E'
CPPFLAGS=''
CYGPATH_W='echo'
DATADIRNAME='share'
DEFS='-DHAVE_CONFIG_H'
DEPDIR='.deps'
DSYMUTIL=''
DUMPBIN=''
ECHO_C=''
ECHO_N='-n'
ECHO_T=''
EGREP='/bin/grep -E'
EXEEXT=''
EXEEXT_FOR_BUILD='$(EXEEXT)'
FGREP='/bin/grep -F'
GENCAT='gencat'
GMSGFMT='/usr/bin/msgfmt'
GREP='/bin/grep'
HDEFINES=''
INCINTL=''
INSTALL_DATA='${INSTALL} -m 644'
INSTALL_LIBBFD_FALSE=''
INSTALL_LIBBFD_TRUE='#'
INSTALL_PROGRAM='${INSTALL}'
INSTALL_SCRIPT='${INSTALL}'
INSTALL_STRIP_PROGRAM='$(install_sh) -c -s'
INSTOBJEXT='.mo'
LD='ld -m elf_x86_64'
LDFLAGS='-static-libstdc++ -static-libgcc '
LIBINTL=''
LIBINTL_DEP=''
LIBM='-lm'
LIBOBJS=''
LIBS=''
LIBTOOL='$(SHELL) $(top_builddir)/libtool'
LIPO=''
LN_S='ln -s'
LTLIBOBJS=''
MAINT='#'
MAINTAINER_MODE_FALSE=''
MAINTAINER_MODE_TRUE='#'
MAKEINFO='makeinfo'
MKDIR_P='/bin/mkdir -p'
MKINSTALLDIRS='$(top_builddir)/../../binutils-gdb/opcodes/../mkinstalldirs'
MSGFMT='/usr/bin/msgfmt'
MSGMERGE='/usr/bin/msgmerge'
NM='nm'
NMEDIT=''
NO_WERROR=''
OBJDUMP='objdump'
OBJEXT='o'
OTOOL64=''
OTOOL=''
PACKAGE='opcodes'
PACKAGE_BUGREPORT=''
PACKAGE_NAME='opcodes'
PACKAGE_STRING='opcodes 2.32.51'
PACKAGE_TARNAME='opcodes'
PACKAGE_URL=''
PACKAGE_VERSION='2.32.51'
PATH_SEPARATOR=':'
POSUB='po'
RANLIB='ranlib'
SED='/bin/sed'
SET_MAKE=''
SHARED_DEPENDENCIES=''
SHARED_LDFLAGS=''
SHARED_LIBADD=''
SHELL='/bin/bash'
STRIP='strip'
USE_NLS='yes'
VERSION='2.32.51'
WARN_CFLAGS='-W -Wall -Wstrict-prototypes -Wmissing-prototypes -Wshadow -Wstack-usage=262144'
WARN_CFLAGS_FOR_BUILD='-W -Wall -Wstrict-prototypes -Wmissing-prototypes -Wshadow -Wstack-usage=262144'
WARN_WRITE_STRINGS='-Wwrite-strings'
XGETTEXT='/usr/bin/xgettext'
ac_ct_CC=''
ac_ct_DUMPBIN=''
am__EXEEXT_FALSE=''
am__EXEEXT_TRUE='#'
am__fastdepCC_FALSE='#'
am__fastdepCC_TRUE=''
am__include='include'
am__isrc=' -I$(srcdir)'
am__leading_dot='.'
am__nodep='_no'
am__quote=''
am__tar='$${TAR-tar} chof - "$$tardir"'
am__untar='$${TAR-tar} xf -'
archdefs=' -DARCH_riscv'
bfdincludedir='$(exec_prefix)/$(host_noncanonical)/$(target_noncanonical)/include'
bfdlibdir='$(exec_prefix)/$(host_noncanonical)/$(target_noncanonical)/lib'
bindir='${exec_prefix}/bin'
build='x86_64-pc-linux-gnu'
build_alias='x86_64-pc-linux-gnu'
build_cpu='x86_64'
build_os='linux-gnu'
build_vendor='pc'
cgendir='$(srcdir)/../cgen'
datadir='${datarootdir}'
datarootdir='${prefix}/share'
docdir='${datarootdir}/doc/${PACKAGE_TARNAME}'
dvidir='${docdir}'
exec_prefix='${prefix}'
host='x86_64-pc-linux-gnu'
host_alias='x86_64-pc-linux-gnu'
host_cpu='x86_64'
host_noncanonical='x86_64-pc-linux-gnu'
host_os='linux-gnu'
host_vendor='pc'
htmldir='${docdir}'
includedir='${prefix}/include'
infodir='${datarootdir}/info'
install_sh='${SHELL} /mnt/c/Users/qnmlgb/Desktop/450/binutils-gdb/install-sh'
libdir='${exec_prefix}/lib'
libexecdir='${exec_prefix}/libexec'
localedir='${datarootdir}/locale'
localstatedir='${prefix}/var'
mandir='${datarootdir}/man'
mkdir_p='$(MKDIR_P)'
oldincludedir='/usr/include'
pdfdir='${docdir}'
prefix='/usr/local'
program_transform_name='s&^&riscv64-&'
psdir='${docdir}'
runstatedir='${localstatedir}/run'
sbindir='${exec_prefix}/sbin'
sharedstatedir='${prefix}/com'
sysconfdir='${prefix}/etc'
target='riscv64-unknown-none'
target_alias='riscv64'
target_cpu='riscv64'
target_noncanonical='riscv64'
target_os='none'
target_vendor='unknown'

## ----------- ##
## confdefs.h. ##
## ----------- ##

/* confdefs.h */
#define PACKAGE_NAME "opcodes"
#define PACKAGE_TARNAME "opcodes"
#define PACKAGE_VERSION "2.32.51"
#define PACKAGE_STRING "opcodes 2.32.51"
#define PACKAGE_BUGREPORT ""
#define PACKAGE_URL ""
#define PACKAGE "opcodes"
#define VERSION "2.32.51"
#define STDC_HEADERS 1
#define HAVE_SYS_TYPES_H 1
#define HAVE_SYS_STAT_H 1
#define HAVE_STDLIB_H 1
#define HAVE_STRING_H 1
#define HAVE_MEMORY_H 1
#define HAVE_STRINGS_H 1
#define HAVE_INTTYPES_H 1
#define HAVE_STDINT_H 1
#define HAVE_UNISTD_H 1
#define __EXTENSIONS__ 1
#define _ALL_SOURCE 1
#define _GNU_SOURCE 1
#define _POSIX_PTHREAD_SEMANTICS 1
#define _TANDEM_SOURCE 1
#define HAVE_DLFCN_H 1
#define LT_OBJDIR ".libs/"
#define ENABLE_NLS 1
#define HAVE_STRING_H 1
#define HAVE_STRINGS_H 1
#define HAVE_STDLIB_H 1
#define HAVE_LIMITS_H 1
#define STRING_WITH_STRINGS 1
#define HAVE_DECL_BASENAME 1
#define HAVE_DECL_STPCPY 1
#define HAVE_SIGSETJMP 1

configure: exit 0
